<?xml version="1.0" encoding="UTF-8"?>
<!-- Generated by org.testng.reporters.JUnitXMLReporter -->
<testsuite ignored="0" hostname="DESKTOP-732BA1M" failures="2" tests="7" name="FunctionalTests" time="87.549" errors="0" timestamp="2025-02-27T17:27:50 IST">
  <testcase classname="Tests.BookingConfirmationTest" name="testBookingConfirmationPage" time="3.839"/>
  <testcase classname="Tests.BookingConfirmationTest" name="testSaveCardAlert_SaveOption" time="0.001">
    <failure type="java.lang.NullPointerException" message="Cannot invoke &amp;quot;org.openqa.selenium.WebDriver.switchTo()&amp;quot; because &amp;quot;PageObjects.BookingConfirmationPage.driver&amp;quot; is null">
      <![CDATA[java.lang.NullPointerException: Cannot invoke "org.openqa.selenium.WebDriver.switchTo()" because "PageObjects.BookingConfirmationPage.driver" is null
at PageObjects.BookingConfirmationPage.handleSaveNoThanksAlert(BookingConfirmationPage.java:31)
at Tests.BookingConfirmationTest.testSaveCardAlert_SaveOption(BookingConfirmationTest.java:60)
at java.base/java.util.ArrayList.forEach(ArrayList.java:1511)
... Removed 27 stack frames]]>
    </failure>
  </testcase> <!-- testSaveCardAlert_SaveOption -->
  <testcase classname="Tests.BookingConfirmationTest" name="testSaveCardAlert_NoThanksOption" time="0.003">
    <failure type="java.lang.NullPointerException" message="Cannot invoke &amp;quot;org.openqa.selenium.WebDriver.switchTo()&amp;quot; because &amp;quot;PageObjects.BookingConfirmationPage.driver&amp;quot; is null">
      <![CDATA[java.lang.NullPointerException: Cannot invoke "org.openqa.selenium.WebDriver.switchTo()" because "PageObjects.BookingConfirmationPage.driver" is null
at PageObjects.BookingConfirmationPage.handleSaveNoThanksAlert(BookingConfirmationPage.java:31)
at Tests.BookingConfirmationTest.testSaveCardAlert_NoThanksOption(BookingConfirmationTest.java:70)
at java.base/java.util.ArrayList.forEach(ArrayList.java:1511)
... Removed 27 stack frames]]>
    </failure>
  </testcase> <!-- testSaveCardAlert_NoThanksOption -->
  <testcase classname="Tests.SearchHotelTest" name="testSearchHotel" time="2.486"/>
  <testcase classname="Tests.BookingPageTest" name="testBookingPage" time="3.495"/>
  <testcase classname="Tests.LogOutPageTest" name="testBookingConfirmationPage" time="3.538"/>
  <testcase classname="Tests.LoginTest" name="testValidLogin" time="4.202"/>
</testsuite> <!-- FunctionalTests -->
