<!DOCTYPE html PUBLIC "-//W3C//DTD XHTML 1.1//EN" "https://www.w3.org/TR/xhtml11/DTD/xhtml11.dtd">
<html xmlns="https://www.w3.org/1999/xhtml">
<head>
<meta http-equiv="content-type" content="text/html; charset=UTF-8"/>
<title>TestNG Report</title>
<style type="text/css">table {margin-bottom:10px;border-collapse:collapse;empty-cells:show}th,td {border:1px solid #009;padding:.25em .5em}th {vertical-align:bottom}td {vertical-align:top}table a {font-weight:bold}.stripe td {background-color: #E6EBF9}.num {text-align:right}.passedodd td {background-color: #3F3}.passedeven td {background-color: #0A0}.skippedodd td {background-color: #DDD}.skippedeven td {background-color: #CCC}.failedodd td,.attn {background-color: #F33}.failedeven td,.stripe .attn {background-color: #D00}.stacktrace {white-space:pre;font-family:monospace}.totop {font-size:85%;text-align:center;border-bottom:2px solid #000}.invisible {display:none}</style>
</head>
<body>
<table>
<tr><th>Test</th><th># Passed</th><th># Skipped</th><th># Retried</th><th># Failed</th><th>Time (ms)</th><th>Included Groups</th><th>Excluded Groups</th></tr>
<tr><th colspan="8">AutomationSuite</th></tr>
<tr><td><a href="#t0">FunctionalTests</a></td><td class="num">5</td><td class="num">0</td><td class="num">0</td><td class="num attn">2</td><td class="num">85,771</td><td></td><td></td></tr>
</table>
<table id='summary'><thead><tr><th>Class</th><th>Method</th><th>Start</th><th>Time (ms)</th></tr></thead><tbody><tr><th colspan="4">AutomationSuite</th></tr></tbody><tbody id="t0"><tr><th colspan="4">FunctionalTests &#8212; failed</th></tr><tr class="failedeven"><td rowspan="2">Tests.BookingConfirmationTest</td><td><a href="#m0">testSaveCardAlert_NoThanksOption</a></td><td rowspan="1">1740682076636</td><td rowspan="1">1</td></tr><tr class="failedeven"><td><a href="#m1">testSaveCardAlert_SaveOption</a></td><td rowspan="1">1740682076450</td><td rowspan="1">2</td></tr><tr><th colspan="4">FunctionalTests &#8212; passed</th></tr><tr class="passedeven"><td rowspan="1">Tests.BookingConfirmationTest</td><td><a href="#m2">testBookingConfirmationPage</a></td><td rowspan="1">1740682073097</td><td rowspan="1">3341</td></tr><tr class="passedodd"><td rowspan="1">Tests.BookingPageTest</td><td><a href="#m3">testBookingPage</a></td><td rowspan="1">1740682105968</td><td rowspan="1">3426</td></tr><tr class="passedeven"><td rowspan="1">Tests.LogOutPageTest</td><td><a href="#m4">testBookingConfirmationPage</a></td><td rowspan="1">1740682121459</td><td rowspan="1">3607</td></tr><tr class="passedodd"><td rowspan="1">Tests.LoginTest</td><td><a href="#m5">testValidLogin</a></td><td rowspan="1">1740682137174</td><td rowspan="1">3973</td></tr><tr class="passedeven"><td rowspan="1">Tests.SearchHotelTest</td><td><a href="#m6">testSearchHotel</a></td><td rowspan="1">1740682089454</td><td rowspan="1">2434</td></tr></tbody>
</table>
<h2>FunctionalTests</h2><h3 id="m0">Tests.BookingConfirmationTest#testSaveCardAlert_NoThanksOption</h3><table class="result"><tr><th>Exception</th></tr><tr><td><div class="stacktrace">java.lang.NullPointerException: Cannot invoke &quot;org.openqa.selenium.WebDriver.switchTo()&quot; because &quot;PageObjects.BookingConfirmationPage.driver&quot; is null
	at PageObjects.BookingConfirmationPage.handleSaveNoThanksAlert(BookingConfirmationPage.java:31)
	at Tests.BookingConfirmationTest.testSaveCardAlert_NoThanksOption(BookingConfirmationTest.java:70)
	at java.base/java.util.ArrayList.forEach(ArrayList.java:1511)
... Removed 27 stack frames</div></td></tr></table><p class="totop"><a href="#summary">back to summary</a></p>
<h3 id="m1">Tests.BookingConfirmationTest#testSaveCardAlert_SaveOption</h3><table class="result"><tr><th>Exception</th></tr><tr><td><div class="stacktrace">java.lang.NullPointerException: Cannot invoke &quot;org.openqa.selenium.WebDriver.switchTo()&quot; because &quot;PageObjects.BookingConfirmationPage.driver&quot; is null
	at PageObjects.BookingConfirmationPage.handleSaveNoThanksAlert(BookingConfirmationPage.java:31)
	at Tests.BookingConfirmationTest.testSaveCardAlert_SaveOption(BookingConfirmationTest.java:60)
	at java.base/java.util.ArrayList.forEach(ArrayList.java:1511)
... Removed 27 stack frames</div></td></tr></table><p class="totop"><a href="#summary">back to summary</a></p>
<h3 id="m2">Tests.BookingConfirmationTest#testBookingConfirmationPage</h3><table class="result"><tr><th class="invisible"/></tr></table><p class="totop"><a href="#summary">back to summary</a></p>
<h3 id="m3">Tests.BookingPageTest#testBookingPage</h3><table class="result"><tr><th class="invisible"/></tr></table><p class="totop"><a href="#summary">back to summary</a></p>
<h3 id="m4">Tests.LogOutPageTest#testBookingConfirmationPage</h3><table class="result"><tr><th class="invisible"/></tr></table><p class="totop"><a href="#summary">back to summary</a></p>
<h3 id="m5">Tests.LoginTest#testValidLogin</h3><table class="result"><tr><th class="invisible"/></tr></table><p class="totop"><a href="#summary">back to summary</a></p>
<h3 id="m6">Tests.SearchHotelTest#testSearchHotel</h3><table class="result"><tr><th class="invisible"/></tr></table><p class="totop"><a href="#summary">back to summary</a></p>
</body>
</html>
