<?xml version="1.0" encoding="UTF-8"?>
<testng-results ignored="0" total="7" passed="5" failed="2" skipped="0">
  <reporter-output>
  </reporter-output>
  <suite started-at="2025-02-28T00:17:35 IST" name="AutomationSuite" finished-at="2025-02-28T00:19:01 IST" duration-ms="85771">
    <groups>
    </groups>
    <test started-at="2025-02-28T00:17:35 IST" name="FunctionalTests" finished-at="2025-02-28T00:19:01 IST" duration-ms="85771">
      <class name="Tests.BookingConfirmationTest">
        <test-method is-config="true" signature="setup(java.lang.String,java.lang.String)[pri:0, instance:Tests.BookingConfirmationTest@7eecb5b8]" started-at="2025-02-28T00:17:36 IST" name="setup" finished-at="2025-02-28T00:17:53 IST" duration-ms="16978" status="PASS">
          <params>
            <param index="0">
              <value>
                <![CDATA[windows]]>
              </value>
            </param>
            <param index="1">
              <value>
                <![CDATA[chrome]]>
              </value>
            </param>
          </params>
          <reporter-output>
          </reporter-output>
        </test-method> <!-- setup -->
        <test-method signature="testBookingConfirmationPage()[pri:1, instance:Tests.BookingConfirmationTest@7eecb5b8]" started-at="2025-02-28T00:17:53 IST" name="testBookingConfirmationPage" finished-at="2025-02-28T00:17:56 IST" duration-ms="3341" status="PASS">
          <reporter-output>
          </reporter-output>
        </test-method> <!-- testBookingConfirmationPage -->
        <test-method signature="testSaveCardAlert_SaveOption()[pri:2, instance:Tests.BookingConfirmationTest@7eecb5b8]" started-at="2025-02-28T00:17:56 IST" name="testSaveCardAlert_SaveOption" finished-at="2025-02-28T00:17:56 IST" duration-ms="2" status="FAIL">
          <exception class="java.lang.NullPointerException">
            <message>
              <![CDATA[Cannot invoke "org.openqa.selenium.WebDriver.switchTo()" because "PageObjects.BookingConfirmationPage.driver" is null]]>
            </message>
            <full-stacktrace>
              <![CDATA[java.lang.NullPointerException: Cannot invoke "org.openqa.selenium.WebDriver.switchTo()" because "PageObjects.BookingConfirmationPage.driver" is null
at PageObjects.BookingConfirmationPage.handleSaveNoThanksAlert(BookingConfirmationPage.java:31)
at Tests.BookingConfirmationTest.testSaveCardAlert_SaveOption(BookingConfirmationTest.java:60)
at java.base/jdk.internal.reflect.NativeMethodAccessorImpl.invoke0(Native Method)
at java.base/jdk.internal.reflect.NativeMethodAccessorImpl.invoke(NativeMethodAccessorImpl.java:78)
at java.base/jdk.internal.reflect.DelegatingMethodAccessorImpl.invoke(DelegatingMethodAccessorImpl.java:43)
at java.base/java.lang.reflect.Method.invoke(Method.java:567)
at org.testng.internal.invokers.MethodInvocationHelper.invokeMethod(MethodInvocationHelper.java:141)
at org.testng.internal.invokers.TestInvoker.invokeMethod(TestInvoker.java:686)
at org.testng.internal.invokers.TestInvoker.invokeTestMethod(TestInvoker.java:230)
at org.testng.internal.invokers.MethodRunner.runInSequence(MethodRunner.java:63)
at org.testng.internal.invokers.TestInvoker$MethodInvocationAgent.invoke(TestInvoker.java:992)
at org.testng.internal.invokers.TestInvoker.invokeTestMethods(TestInvoker.java:203)
at org.testng.internal.invokers.TestMethodWorker.invokeTestMethods(TestMethodWorker.java:154)
at org.testng.internal.invokers.TestMethodWorker.run(TestMethodWorker.java:134)
at java.base/java.util.ArrayList.forEach(ArrayList.java:1511)
at org.testng.TestRunner.privateRun(TestRunner.java:739)
at org.testng.TestRunner.run(TestRunner.java:614)
at org.testng.SuiteRunner.runTest(SuiteRunner.java:421)
at org.testng.SuiteRunner.runSequentially(SuiteRunner.java:413)
at org.testng.SuiteRunner.privateRun(SuiteRunner.java:373)
at org.testng.SuiteRunner.run(SuiteRunner.java:312)
at org.testng.SuiteRunnerWorker.runSuite(SuiteRunnerWorker.java:52)
at org.testng.SuiteRunnerWorker.run(SuiteRunnerWorker.java:95)
at org.testng.TestNG.runSuitesSequentially(TestNG.java:1274)
at org.testng.TestNG.runSuitesLocally(TestNG.java:1208)
at org.testng.TestNG.runSuites(TestNG.java:1112)
at org.testng.TestNG.run(TestNG.java:1079)
at org.testng.remote.AbstractRemoteTestNG.run(AbstractRemoteTestNG.java:115)
at org.testng.remote.RemoteTestNG.initAndRun(RemoteTestNG.java:293)
at org.testng.remote.RemoteTestNG.main(RemoteTestNG.java:91)
]]>
            </full-stacktrace>
          </exception> <!-- java.lang.NullPointerException -->
          <reporter-output>
          </reporter-output>
        </test-method> <!-- testSaveCardAlert_SaveOption -->
        <test-method signature="testSaveCardAlert_NoThanksOption()[pri:3, instance:Tests.BookingConfirmationTest@7eecb5b8]" started-at="2025-02-28T00:17:56 IST" name="testSaveCardAlert_NoThanksOption" finished-at="2025-02-28T00:17:56 IST" duration-ms="1" status="FAIL">
          <exception class="java.lang.NullPointerException">
            <message>
              <![CDATA[Cannot invoke "org.openqa.selenium.WebDriver.switchTo()" because "PageObjects.BookingConfirmationPage.driver" is null]]>
            </message>
            <full-stacktrace>
              <![CDATA[java.lang.NullPointerException: Cannot invoke "org.openqa.selenium.WebDriver.switchTo()" because "PageObjects.BookingConfirmationPage.driver" is null
at PageObjects.BookingConfirmationPage.handleSaveNoThanksAlert(BookingConfirmationPage.java:31)
at Tests.BookingConfirmationTest.testSaveCardAlert_NoThanksOption(BookingConfirmationTest.java:70)
at java.base/jdk.internal.reflect.NativeMethodAccessorImpl.invoke0(Native Method)
at java.base/jdk.internal.reflect.NativeMethodAccessorImpl.invoke(NativeMethodAccessorImpl.java:78)
at java.base/jdk.internal.reflect.DelegatingMethodAccessorImpl.invoke(DelegatingMethodAccessorImpl.java:43)
at java.base/java.lang.reflect.Method.invoke(Method.java:567)
at org.testng.internal.invokers.MethodInvocationHelper.invokeMethod(MethodInvocationHelper.java:141)
at org.testng.internal.invokers.TestInvoker.invokeMethod(TestInvoker.java:686)
at org.testng.internal.invokers.TestInvoker.invokeTestMethod(TestInvoker.java:230)
at org.testng.internal.invokers.MethodRunner.runInSequence(MethodRunner.java:63)
at org.testng.internal.invokers.TestInvoker$MethodInvocationAgent.invoke(TestInvoker.java:992)
at org.testng.internal.invokers.TestInvoker.invokeTestMethods(TestInvoker.java:203)
at org.testng.internal.invokers.TestMethodWorker.invokeTestMethods(TestMethodWorker.java:154)
at org.testng.internal.invokers.TestMethodWorker.run(TestMethodWorker.java:134)
at java.base/java.util.ArrayList.forEach(ArrayList.java:1511)
at org.testng.TestRunner.privateRun(TestRunner.java:739)
at org.testng.TestRunner.run(TestRunner.java:614)
at org.testng.SuiteRunner.runTest(SuiteRunner.java:421)
at org.testng.SuiteRunner.runSequentially(SuiteRunner.java:413)
at org.testng.SuiteRunner.privateRun(SuiteRunner.java:373)
at org.testng.SuiteRunner.run(SuiteRunner.java:312)
at org.testng.SuiteRunnerWorker.runSuite(SuiteRunnerWorker.java:52)
at org.testng.SuiteRunnerWorker.run(SuiteRunnerWorker.java:95)
at org.testng.TestNG.runSuitesSequentially(TestNG.java:1274)
at org.testng.TestNG.runSuitesLocally(TestNG.java:1208)
at org.testng.TestNG.runSuites(TestNG.java:1112)
at org.testng.TestNG.run(TestNG.java:1079)
at org.testng.remote.AbstractRemoteTestNG.run(AbstractRemoteTestNG.java:115)
at org.testng.remote.RemoteTestNG.initAndRun(RemoteTestNG.java:293)
at org.testng.remote.RemoteTestNG.main(RemoteTestNG.java:91)
]]>
            </full-stacktrace>
          </exception> <!-- java.lang.NullPointerException -->
          <reporter-output>
          </reporter-output>
        </test-method> <!-- testSaveCardAlert_NoThanksOption -->
        <test-method is-config="true" signature="teradown()[pri:0, instance:Tests.BookingConfirmationTest@7eecb5b8]" started-at="2025-02-28T00:17:56 IST" name="teradown" finished-at="2025-02-28T00:17:57 IST" duration-ms="286" status="PASS">
          <reporter-output>
          </reporter-output>
        </test-method> <!-- teradown -->
      </class> <!-- Tests.BookingConfirmationTest -->
      <class name="Tests.BookingPageTest">
        <test-method is-config="true" signature="setup(java.lang.String,java.lang.String)[pri:0, instance:Tests.BookingPageTest@71687585]" started-at="2025-02-28T00:18:12 IST" name="setup" finished-at="2025-02-28T00:18:25 IST" duration-ms="13219" status="PASS">
          <params>
            <param index="0">
              <value>
                <![CDATA[windows]]>
              </value>
            </param>
            <param index="1">
              <value>
                <![CDATA[chrome]]>
              </value>
            </param>
          </params>
          <reporter-output>
          </reporter-output>
        </test-method> <!-- setup -->
        <test-method signature="testBookingPage()[pri:0, instance:Tests.BookingPageTest@71687585]" started-at="2025-02-28T00:18:25 IST" name="testBookingPage" finished-at="2025-02-28T00:18:29 IST" duration-ms="3426" status="PASS">
          <reporter-output>
          </reporter-output>
        </test-method> <!-- testBookingPage -->
        <test-method is-config="true" signature="teradown()[pri:0, instance:Tests.BookingPageTest@71687585]" started-at="2025-02-28T00:18:29 IST" name="teradown" finished-at="2025-02-28T00:18:29 IST" duration-ms="403" status="PASS">
          <reporter-output>
          </reporter-output>
        </test-method> <!-- teradown -->
      </class> <!-- Tests.BookingPageTest -->
      <class name="Tests.SearchHotelTest">
        <test-method is-config="true" signature="setup(java.lang.String,java.lang.String)[pri:0, instance:Tests.SearchHotelTest@5276d6ee]" started-at="2025-02-28T00:17:57 IST" name="setup" finished-at="2025-02-28T00:18:09 IST" duration-ms="12394" status="PASS">
          <params>
            <param index="0">
              <value>
                <![CDATA[windows]]>
              </value>
            </param>
            <param index="1">
              <value>
                <![CDATA[chrome]]>
              </value>
            </param>
          </params>
          <reporter-output>
          </reporter-output>
        </test-method> <!-- setup -->
        <test-method signature="testSearchHotel()[pri:2, instance:Tests.SearchHotelTest@5276d6ee]" started-at="2025-02-28T00:18:09 IST" name="testSearchHotel" finished-at="2025-02-28T00:18:11 IST" duration-ms="2434" status="PASS">
          <reporter-output>
          </reporter-output>
        </test-method> <!-- testSearchHotel -->
        <test-method is-config="true" signature="teradown()[pri:0, instance:Tests.SearchHotelTest@5276d6ee]" started-at="2025-02-28T00:18:11 IST" name="teradown" finished-at="2025-02-28T00:18:12 IST" duration-ms="856" status="PASS">
          <reporter-output>
          </reporter-output>
        </test-method> <!-- teradown -->
      </class> <!-- Tests.SearchHotelTest -->
      <class name="Tests.LogOutPageTest">
        <test-method is-config="true" signature="setup(java.lang.String,java.lang.String)[pri:0, instance:Tests.LogOutPageTest@1807f5a7]" started-at="2025-02-28T00:18:29 IST" name="setup" finished-at="2025-02-28T00:18:41 IST" duration-ms="11655" status="PASS">
          <params>
            <param index="0">
              <value>
                <![CDATA[windows]]>
              </value>
            </param>
            <param index="1">
              <value>
                <![CDATA[chrome]]>
              </value>
            </param>
          </params>
          <reporter-output>
          </reporter-output>
        </test-method> <!-- setup -->
        <test-method signature="testBookingConfirmationPage()[pri:0, instance:Tests.LogOutPageTest@1807f5a7]" started-at="2025-02-28T00:18:41 IST" name="testBookingConfirmationPage" finished-at="2025-02-28T00:18:45 IST" duration-ms="3607" status="PASS">
          <reporter-output>
          </reporter-output>
        </test-method> <!-- testBookingConfirmationPage -->
        <test-method is-config="true" signature="tearDown()[pri:0, instance:Tests.LogOutPageTest@1807f5a7]" started-at="2025-02-28T00:18:45 IST" name="tearDown" finished-at="2025-02-28T00:18:45 IST" duration-ms="306" status="PASS">
          <reporter-output>
          </reporter-output>
        </test-method> <!-- tearDown -->
        <test-method is-config="true" signature="teradown()[pri:0, instance:Tests.LogOutPageTest@1807f5a7]" started-at="2025-02-28T00:18:45 IST" name="teradown" finished-at="2025-02-28T00:18:45 IST" duration-ms="1" status="PASS">
          <reporter-output>
          </reporter-output>
        </test-method> <!-- teradown -->
      </class> <!-- Tests.LogOutPageTest -->
      <class name="Tests.LoginTest">
        <test-method is-config="true" signature="setup(java.lang.String,java.lang.String)[pri:0, instance:Tests.LoginTest@37313c65]" started-at="2025-02-28T00:18:45 IST" name="setup" finished-at="2025-02-28T00:18:57 IST" duration-ms="11798" status="PASS">
          <params>
            <param index="0">
              <value>
                <![CDATA[windows]]>
              </value>
            </param>
            <param index="1">
              <value>
                <![CDATA[chrome]]>
              </value>
            </param>
          </params>
          <reporter-output>
          </reporter-output>
        </test-method> <!-- setup -->
        <test-method signature="testValidLogin()[pri:1, instance:Tests.LoginTest@37313c65]" started-at="2025-02-28T00:18:57 IST" name="testValidLogin" finished-at="2025-02-28T00:19:01 IST" duration-ms="3973" status="PASS">
          <reporter-output>
          </reporter-output>
        </test-method> <!-- testValidLogin -->
        <test-method is-config="true" signature="teradown()[pri:0, instance:Tests.LoginTest@37313c65]" started-at="2025-02-28T00:19:01 IST" name="teradown" finished-at="2025-02-28T00:19:01 IST" duration-ms="325" status="PASS">
          <reporter-output>
          </reporter-output>
        </test-method> <!-- teradown -->
      </class> <!-- Tests.LoginTest -->
    </test> <!-- FunctionalTests -->
  </suite> <!-- AutomationSuite -->
</testng-results>
